[INFO] Scanning for projects...
[INFO]                                                                         
[INFO] ------------------------------------------------------------------------
[INFO] Building cloudbus-selenium 0.0.1-SNAPSHOT
[INFO] ------------------------------------------------------------------------
[INFO] 
[INFO] --- maven-resources-plugin:2.6:resources (default-resources) @ cloudbus-selenium ---
[INFO] Using 'UTF-8' encoding to copy filtered resources.
[INFO] Copying 0 resource
[INFO] 
[INFO] --- maven-compiler-plugin:2.5.1:compile (default-compile) @ cloudbus-selenium ---
[INFO] Nothing to compile - all classes are up to date
[INFO] 
[INFO] --- maven-resources-plugin:2.6:testResources (default-testResources) @ cloudbus-selenium ---
[INFO] Using 'UTF-8' encoding to copy filtered resources.
[INFO] Copying 0 resource
[INFO] 
[INFO] --- maven-compiler-plugin:2.5.1:testCompile (default-testCompile) @ cloudbus-selenium ---
[INFO] Compiling 19 source files to D:\workspace_tibco\cloudbus\target\test-classes
[INFO] 
[INFO] --- maven-surefire-plugin:2.15:test (default-test) @ cloudbus-selenium ---
[INFO] Surefire report directory: D:\workspace_tibco\cloudbus\target\surefire-reports

-------------------------------------------------------
 T E S T S
-------------------------------------------------------

-------------------------------------------------------
 T E S T S
-------------------------------------------------------
Running sele.pot.testsuit.TestSuit
Tests run: 1, Failures: 0, Errors: 1, Skipped: 0, Time elapsed: 0.19 sec <<< FAILURE! - in sele.pot.testsuit.TestSuit
test(sele.pot.testsuit.TestSuit)  Time elapsed: 0.096 sec  <<< ERROR!
java.util.IllegalFormatConversionException: f != java.lang.String
	at java.util.Formatter$FormatSpecifier.failConversion(Formatter.java:4045)
	at java.util.Formatter$FormatSpecifier.printFloat(Formatter.java:2761)
	at java.util.Formatter$FormatSpecifier.print(Formatter.java:2708)
	at java.util.Formatter.format(Formatter.java:2488)
	at java.util.Formatter.format(Formatter.java:2423)
	at java.lang.String.format(String.java:2845)
	at sele.util.ReportUtil.count(ReportUtil.java:36)
	at sele.pot.testsuit.TestSuit.test(TestSuit.java:37)


Results :

Tests in error: 
  TestSuit.test:37 » IllegalFormatConversion f != java.lang.String

Tests run: 1, Failures: 0, Errors: 1, Skipped: 0

[ERROR] There are test failures.

Please refer to D:\workspace_tibco\cloudbus\target\surefire-reports for the individual test results.
[INFO] ------------------------------------------------------------------------
[INFO] BUILD SUCCESS
[INFO] ------------------------------------------------------------------------
[INFO] Total time: 3.830s
[INFO] Finished at: Fri Jul 12 12:53:58 CST 2013
[INFO] Final Memory: 20M/172M
[INFO] ------------------------------------------------------------------------
[INFO] Scanning for projects...
[INFO]                                                                         
[INFO] ------------------------------------------------------------------------
[INFO] Building cloudbus-selenium 0.0.1-SNAPSHOT
[INFO] ------------------------------------------------------------------------
[INFO] 
[INFO] --- maven-resources-plugin:2.6:resources (default-resources) @ cloudbus-selenium ---
[INFO] Using 'UTF-8' encoding to copy filtered resources.
[INFO] Copying 0 resource
[INFO] 
[INFO] --- maven-compiler-plugin:2.5.1:compile (default-compile) @ cloudbus-selenium ---
[INFO] Nothing to compile - all classes are up to date
[INFO] 
[INFO] --- maven-resources-plugin:2.6:testResources (default-testResources) @ cloudbus-selenium ---
[INFO] Using 'UTF-8' encoding to copy filtered resources.
[INFO] Copying 0 resource
[INFO] 
[INFO] --- maven-compiler-plugin:2.5.1:testCompile (default-testCompile) @ cloudbus-selenium ---
[INFO] Compiling 19 source files to D:\workspace_tibco\cloudbus\target\test-classes
[INFO] 
[INFO] --- maven-surefire-plugin:2.15:test (default-test) @ cloudbus-selenium ---
[INFO] Surefire report directory: D:\workspace_tibco\cloudbus\target\surefire-reports

-------------------------------------------------------
 T E S T S
-------------------------------------------------------

-------------------------------------------------------
 T E S T S
-------------------------------------------------------
Running sele.pot.testsuit.TestSuit
Tests run: 1, Failures: 0, Errors: 1, Skipped: 0, Time elapsed: 0.185 sec <<< FAILURE! - in sele.pot.testsuit.TestSuit
test(sele.pot.testsuit.TestSuit)  Time elapsed: 0.087 sec  <<< ERROR!
java.util.IllegalFormatConversionException: f != java.lang.String
	at java.util.Formatter$FormatSpecifier.failConversion(Formatter.java:4045)
	at java.util.Formatter$FormatSpecifier.printFloat(Formatter.java:2761)
	at java.util.Formatter$FormatSpecifier.print(Formatter.java:2708)
	at java.util.Formatter.format(Formatter.java:2488)
	at java.util.Formatter.format(Formatter.java:2423)
	at java.lang.String.format(String.java:2845)
	at sele.util.ReportUtil.count(ReportUtil.java:36)
	at sele.pot.testsuit.TestSuit.test(TestSuit.java:38)


Results :

Tests in error: 
  TestSuit.test:38 » IllegalFormatConversion f != java.lang.String

Tests run: 1, Failures: 0, Errors: 1, Skipped: 0

[ERROR] There are test failures.

Please refer to D:\workspace_tibco\cloudbus\target\surefire-reports for the individual test results.
[INFO] ------------------------------------------------------------------------
[INFO] BUILD SUCCESS
[INFO] ------------------------------------------------------------------------
[INFO] Total time: 4.080s
[INFO] Finished at: Fri Jul 12 12:55:23 CST 2013
[INFO] Final Memory: 20M/172M
[INFO] ------------------------------------------------------------------------
[INFO] Scanning for projects...
[INFO]                                                                         
[INFO] ------------------------------------------------------------------------
[INFO] Building cloudbus-selenium 0.0.1-SNAPSHOT
[INFO] ------------------------------------------------------------------------
[INFO] 
[INFO] --- maven-resources-plugin:2.6:resources (default-resources) @ cloudbus-selenium ---
[INFO] Using 'UTF-8' encoding to copy filtered resources.
[INFO] Copying 0 resource
[INFO] 
[INFO] --- maven-compiler-plugin:2.5.1:compile (default-compile) @ cloudbus-selenium ---
[INFO] Nothing to compile - all classes are up to date
[INFO] 
[INFO] --- maven-resources-plugin:2.6:testResources (default-testResources) @ cloudbus-selenium ---
[INFO] Using 'UTF-8' encoding to copy filtered resources.
[INFO] Copying 0 resource
[INFO] 
[INFO] --- maven-compiler-plugin:2.5.1:testCompile (default-testCompile) @ cloudbus-selenium ---
[INFO] Compiling 19 source files to D:\workspace_tibco\cloudbus\target\test-classes
[INFO] 
[INFO] --- maven-surefire-plugin:2.15:test (default-test) @ cloudbus-selenium ---
[INFO] Surefire report directory: D:\workspace_tibco\cloudbus\target\surefire-reports

-------------------------------------------------------
 T E S T S
-------------------------------------------------------

-------------------------------------------------------
 T E S T S
-------------------------------------------------------
Running sele.pot.testsuit.TestSuit
Tests run: 1, Failures: 0, Errors: 1, Skipped: 0, Time elapsed: 2.803 sec <<< FAILURE! - in sele.pot.testsuit.TestSuit
test(sele.pot.testsuit.TestSuit)  Time elapsed: 2.743 sec  <<< ERROR!
java.util.IllegalFormatConversionException: f != java.lang.String
	at java.util.Formatter$FormatSpecifier.failConversion(Formatter.java:4045)
	at java.util.Formatter$FormatSpecifier.printFloat(Formatter.java:2761)
	at java.util.Formatter$FormatSpecifier.print(Formatter.java:2708)
	at java.util.Formatter.format(Formatter.java:2488)
	at java.util.Formatter.format(Formatter.java:2423)
	at java.lang.String.format(String.java:2845)
	at sele.util.ReportUtil.count(ReportUtil.java:36)
	at sele.pot.testsuit.TestSuit.test(TestSuit.java:38)


Results :

Tests in error: 
  TestSuit.test:38 » IllegalFormatConversion f != java.lang.String

Tests run: 1, Failures: 0, Errors: 1, Skipped: 0

[ERROR] There are test failures.

Please refer to D:\workspace_tibco\cloudbus\target\surefire-reports for the individual test results.
[INFO] ------------------------------------------------------------------------
[INFO] BUILD SUCCESS
[INFO] ------------------------------------------------------------------------
[INFO] Total time: 6.476s
[INFO] Finished at: Fri Jul 12 12:59:08 CST 2013
[INFO] Final Memory: 20M/172M
[INFO] ------------------------------------------------------------------------
[INFO] Scanning for projects...
[INFO]                                                                         
[INFO] ------------------------------------------------------------------------
[INFO] Building cloudbus-selenium 0.0.1-SNAPSHOT
[INFO] ------------------------------------------------------------------------
[INFO] 
[INFO] --- maven-resources-plugin:2.6:resources (default-resources) @ cloudbus-selenium ---
[INFO] Using 'UTF-8' encoding to copy filtered resources.
[INFO] Copying 0 resource
[INFO] 
[INFO] --- maven-compiler-plugin:2.5.1:compile (default-compile) @ cloudbus-selenium ---
[INFO] Nothing to compile - all classes are up to date
[INFO] 
[INFO] --- maven-resources-plugin:2.6:testResources (default-testResources) @ cloudbus-selenium ---
[INFO] Using 'UTF-8' encoding to copy filtered resources.
[INFO] Copying 0 resource
[INFO] 
[INFO] --- maven-compiler-plugin:2.5.1:testCompile (default-testCompile) @ cloudbus-selenium ---
[INFO] Compiling 19 source files to D:\workspace_tibco\cloudbus\target\test-classes
[INFO] 
[INFO] --- maven-surefire-plugin:2.15:test (default-test) @ cloudbus-selenium ---
[INFO] Surefire report directory: D:\workspace_tibco\cloudbus\target\surefire-reports

-------------------------------------------------------
 T E S T S
-------------------------------------------------------

-------------------------------------------------------
 T E S T S
-------------------------------------------------------
Running sele.pot.testsuit.TestSuit
Tests run: 1, Failures: 0, Errors: 1, Skipped: 0, Time elapsed: 2.87 sec <<< FAILURE! - in sele.pot.testsuit.TestSuit
test(sele.pot.testsuit.TestSuit)  Time elapsed: 2.781 sec  <<< ERROR!
java.util.IllegalFormatConversionException: f != java.lang.String
	at java.util.Formatter$FormatSpecifier.failConversion(Formatter.java:4045)
	at java.util.Formatter$FormatSpecifier.printFloat(Formatter.java:2761)
	at java.util.Formatter$FormatSpecifier.print(Formatter.java:2708)
	at java.util.Formatter.format(Formatter.java:2488)
	at java.util.Formatter.format(Formatter.java:2423)
	at java.lang.String.format(String.java:2845)
	at sele.util.ReportUtil.count(ReportUtil.java:36)
	at sele.pot.testsuit.TestSuit.test(TestSuit.java:37)


Results :

Tests in error: 
  TestSuit.test:37 » IllegalFormatConversion f != java.lang.String

Tests run: 1, Failures: 0, Errors: 1, Skipped: 0

[ERROR] There are test failures.

Please refer to D:\workspace_tibco\cloudbus\target\surefire-reports for the individual test results.
[INFO] ------------------------------------------------------------------------
[INFO] BUILD SUCCESS
[INFO] ------------------------------------------------------------------------
[INFO] Total time: 6.582s
[INFO] Finished at: Fri Jul 12 13:03:38 CST 2013
[INFO] Final Memory: 19M/172M
[INFO] ------------------------------------------------------------------------
[INFO] Scanning for projects...
[INFO]                                                                         
[INFO] ------------------------------------------------------------------------
[INFO] Building cloudbus-selenium 0.0.1-SNAPSHOT
[INFO] ------------------------------------------------------------------------
[INFO] 
[INFO] --- maven-resources-plugin:2.6:resources (default-resources) @ cloudbus-selenium ---
[INFO] Using 'UTF-8' encoding to copy filtered resources.
[INFO] Copying 0 resource
[INFO] 
[INFO] --- maven-compiler-plugin:2.5.1:compile (default-compile) @ cloudbus-selenium ---
[INFO] Nothing to compile - all classes are up to date
[INFO] 
[INFO] --- maven-resources-plugin:2.6:testResources (default-testResources) @ cloudbus-selenium ---
[INFO] Using 'UTF-8' encoding to copy filtered resources.
[INFO] Copying 0 resource
[INFO] 
[INFO] --- maven-compiler-plugin:2.5.1:testCompile (default-testCompile) @ cloudbus-selenium ---
[INFO] Compiling 19 source files to D:\workspace_tibco\cloudbus\target\test-classes
[INFO] 
[INFO] --- maven-surefire-plugin:2.15:test (default-test) @ cloudbus-selenium ---
[INFO] Surefire report directory: D:\workspace_tibco\cloudbus\target\surefire-reports

-------------------------------------------------------
 T E S T S
-------------------------------------------------------

-------------------------------------------------------
 T E S T S
-------------------------------------------------------
Running sele.pot.testsuit.TestSuit
Tests run: 1, Failures: 0, Errors: 0, Skipped: 0, Time elapsed: 5.518 sec - in sele.pot.testsuit.TestSuit

Results :

Tests run: 1, Failures: 0, Errors: 0, Skipped: 0

[INFO] ------------------------------------------------------------------------
[INFO] BUILD SUCCESS
[INFO] ------------------------------------------------------------------------
[INFO] Total time: 9.392s
[INFO] Finished at: Fri Jul 12 13:08:32 CST 2013
[INFO] Final Memory: 19M/172M
[INFO] ------------------------------------------------------------------------
[INFO] Scanning for projects...
[INFO]                                                                         
[INFO] ------------------------------------------------------------------------
[INFO] Building cloudbus-selenium 0.0.1-SNAPSHOT
[INFO] ------------------------------------------------------------------------
[INFO] 
[INFO] --- maven-resources-plugin:2.6:resources (default-resources) @ cloudbus-selenium ---
[INFO] Using 'UTF-8' encoding to copy filtered resources.
[INFO] Copying 0 resource
[INFO] 
[INFO] --- maven-compiler-plugin:2.5.1:compile (default-compile) @ cloudbus-selenium ---
[INFO] Nothing to compile - all classes are up to date
[INFO] 
[INFO] --- maven-resources-plugin:2.6:testResources (default-testResources) @ cloudbus-selenium ---
[INFO] Using 'UTF-8' encoding to copy filtered resources.
[INFO] Copying 0 resource
[INFO] 
[INFO] --- maven-compiler-plugin:2.5.1:testCompile (default-testCompile) @ cloudbus-selenium ---
[INFO] Compiling 20 source files to D:\workspace_tibco\cloudbus\target\test-classes
[INFO] 
[INFO] --- maven-surefire-plugin:2.15:test (default-test) @ cloudbus-selenium ---
[INFO] Surefire report directory: D:\workspace_tibco\cloudbus\target\surefire-reports

-------------------------------------------------------
 T E S T S
-------------------------------------------------------

-------------------------------------------------------
 T E S T S
-------------------------------------------------------
Running sele.pot.testsuit.TestSuit
Terminate batch job (Y/N)? [INFO] Scanning for projects...
[INFO]                                                                         
[INFO] ------------------------------------------------------------------------
[INFO] Building cloudbus-selenium 0.0.1-SNAPSHOT
[INFO] ------------------------------------------------------------------------
[INFO] 
[INFO] --- maven-resources-plugin:2.6:resources (default-resources) @ cloudbus-selenium ---
[INFO] Using 'UTF-8' encoding to copy filtered resources.
[INFO] Copying 0 resource
[INFO] 
[INFO] --- maven-compiler-plugin:2.5.1:compile (default-compile) @ cloudbus-selenium ---
[INFO] Nothing to compile - all classes are up to date
[INFO] 
[INFO] --- maven-resources-plugin:2.6:testResources (default-testResources) @ cloudbus-selenium ---
[INFO] Using 'UTF-8' encoding to copy filtered resources.
[INFO] Copying 0 resource
[INFO] 
[INFO] --- maven-compiler-plugin:2.5.1:testCompile (default-testCompile) @ cloudbus-selenium ---
[INFO] Compiling 21 source files to D:\workspace_tibco\cloudbus\target\test-classes
[INFO] 
[INFO] --- maven-surefire-plugin:2.15:test (default-test) @ cloudbus-selenium ---
[INFO] Surefire report directory: D:\workspace_tibco\cloudbus\target\surefire-reports

-------------------------------------------------------
 T E S T S
-------------------------------------------------------

-------------------------------------------------------
 T E S T S
-------------------------------------------------------
Running sele.pot.testsuit.TestSuit
Tests run: 1, Failures: 0, Errors: 0, Skipped: 0, Time elapsed: 1,744.051 sec - in sele.pot.testsuit.TestSuit

Results :

Tests run: 1, Failures: 0, Errors: 0, Skipped: 0

[INFO] ------------------------------------------------------------------------
[INFO] BUILD SUCCESS
[INFO] ------------------------------------------------------------------------
[INFO] Total time: 29:10.475s
[INFO] Finished at: Mon Jul 15 16:14:54 CST 2013
[INFO] Final Memory: 18M/172M
[INFO] ------------------------------------------------------------------------
[INFO] Scanning for projects...
[INFO]                                                                         
[INFO] ------------------------------------------------------------------------
[INFO] Building cloudbus-selenium 0.0.1-SNAPSHOT
[INFO] ------------------------------------------------------------------------
[INFO] 
[INFO] --- maven-resources-plugin:2.6:resources (default-resources) @ cloudbus-selenium ---
[INFO] Using 'UTF-8' encoding to copy filtered resources.
[INFO] Copying 0 resource
[INFO] 
[INFO] --- maven-compiler-plugin:2.5.1:compile (default-compile) @ cloudbus-selenium ---
[INFO] Nothing to compile - all classes are up to date
[INFO] 
[INFO] --- maven-resources-plugin:2.6:testResources (default-testResources) @ cloudbus-selenium ---
[INFO] Using 'UTF-8' encoding to copy filtered resources.
[INFO] Copying 0 resource
[INFO] 
[INFO] --- maven-compiler-plugin:2.5.1:testCompile (default-testCompile) @ cloudbus-selenium ---
[INFO] Compiling 21 source files to D:\workspace_tibco\cloudbus\target\test-classes
[INFO] 
[INFO] --- maven-surefire-plugin:2.15:test (default-test) @ cloudbus-selenium ---
[INFO] Surefire report directory: D:\workspace_tibco\cloudbus\target\surefire-reports

-------------------------------------------------------
 T E S T S
-------------------------------------------------------

-------------------------------------------------------
 T E S T S
-------------------------------------------------------
Running sele.pot.testsuit.TestSuit
